cache_size=65536        stride=1        avg_misses=0.000234     avg_time=0.004838
cache_size=65536        stride=2        avg_misses=0.000126     avg_time=0.001884
cache_size=65536        stride=4        avg_misses=0.000061     avg_time=0.002116
cache_size=65536        stride=8        avg_misses=0.000046     avg_time=0.002174
cache_size=65536        stride=16       avg_misses=0.000039     avg_time=0.002168
cache_size=65536        stride=32       avg_misses=0.000036     avg_time=0.002253
cache_size=65536        stride=64       avg_misses=0.000034     avg_time=0.001808
cache_size=65536        stride=128      avg_misses=0.000036     avg_time=0.001828
cache_size=65536        stride=256      avg_misses=0.000223     avg_time=0.001858
cache_size=65536        stride=512      avg_misses=0.000049     avg_time=0.001872
cache_size=65536        stride=1024     avg_misses=0.000058     avg_time=0.001838
cache_size=65536        stride=2048     avg_misses=0.205136     avg_time=0.005172
cache_size=65536        stride=4096     avg_misses=0.000035     avg_time=0.007200
cache_size=65536        stride=8192     avg_misses=0.000008     avg_time=0.002157
cache_size=65536        stride=16384    avg_misses=0.000003     avg_time=0.002263
cache_size=65536        stride=32768    avg_misses=0.000003     avg_time=0.002035

cache_size=131072       stride=1        avg_misses=0.004127     avg_time=0.001950
cache_size=131072       stride=2        avg_misses=0.007689     avg_time=0.001857
cache_size=131072       stride=4        avg_misses=0.015761     avg_time=0.002118
cache_size=131072       stride=8        avg_misses=0.031260     avg_time=0.002166
cache_size=131072       stride=16       avg_misses=0.060893     avg_time=0.002184
cache_size=131072       stride=32       avg_misses=0.120198     avg_time=0.002219
cache_size=131072       stride=64       avg_misses=0.215298     avg_time=0.001821
cache_size=131072       stride=128      avg_misses=0.211275     avg_time=0.001901
cache_size=131072       stride=256      avg_misses=0.344522     avg_time=0.001958
cache_size=131072       stride=512      avg_misses=0.298303     avg_time=0.001964
cache_size=131072       stride=1024     avg_misses=0.192565     avg_time=0.002080
cache_size=131072       stride=2048     avg_misses=0.195217     avg_time=0.005382
cache_size=131072       stride=4096     avg_misses=0.278003     avg_time=0.007891
cache_size=131072       stride=8192     avg_misses=0.000018     avg_time=0.007703
cache_size=131072       stride=16384    avg_misses=0.000001     avg_time=0.002167
cache_size=131072       stride=32768    avg_misses=0.000001     avg_time=0.002123
cache_size=131072       stride=65536    avg_misses=0.000001     avg_time=0.002031

cache_size=262144       stride=1        avg_misses=0.019536     avg_time=0.001944
cache_size=262144       stride=2        avg_misses=0.038198     avg_time=0.001862
cache_size=262144       stride=4        avg_misses=0.076715     avg_time=0.002124
cache_size=262144       stride=8        avg_misses=0.151600     avg_time=0.002161
cache_size=262144       stride=16       avg_misses=0.300108     avg_time=0.002165
cache_size=262144       stride=32       avg_misses=0.570955     avg_time=0.002082
cache_size=262144       stride=64       avg_misses=1.046921     avg_time=0.001941
cache_size=262144       stride=128      avg_misses=1.231441     avg_time=0.002175
cache_size=262144       stride=256      avg_misses=1.792421     avg_time=0.002401
cache_size=262144       stride=512      avg_misses=1.932055     avg_time=0.002493
cache_size=262144       stride=1024     avg_misses=1.898035     avg_time=0.002624
cache_size=262144       stride=2048     avg_misses=1.136042     avg_time=0.005387
cache_size=262144       stride=4096     avg_misses=1.777729     avg_time=0.008433
cache_size=262144       stride=8192     avg_misses=0.000047     avg_time=0.007427
cache_size=262144       stride=16384    avg_misses=0.000015     avg_time=0.007135
cache_size=262144       stride=32768    avg_misses=0.000002     avg_time=0.002160
cache_size=262144       stride=65536    avg_misses=0.000002     avg_time=0.002129
cache_size=262144       stride=131072   avg_misses=0.000001     avg_time=0.002030

cache_size=524288       stride=1        avg_misses=0.031750     avg_time=0.001949
cache_size=524288       stride=2        avg_misses=0.062606     avg_time=0.001869
cache_size=524288       stride=4        avg_misses=0.126687     avg_time=0.002129
cache_size=524288       stride=8        avg_misses=0.253692     avg_time=0.002163
cache_size=524288       stride=16       avg_misses=0.501390     avg_time=0.002176
cache_size=524288       stride=32       avg_misses=0.956965     avg_time=0.002041
cache_size=524288       stride=64       avg_misses=1.798816     avg_time=0.002058
cache_size=524288       stride=128      avg_misses=2.568209     avg_time=0.002479
cache_size=524288       stride=256      avg_misses=3.753484     avg_time=0.002972
cache_size=524288       stride=512      avg_misses=4.015047     avg_time=0.003078
cache_size=524288       stride=1024     avg_misses=4.272843     avg_time=0.003162
cache_size=524288       stride=2048     avg_misses=2.701219     avg_time=0.003093
cache_size=524288       stride=4096     avg_misses=2.773686     avg_time=0.008516
cache_size=524288       stride=8192     avg_misses=1.160656     avg_time=0.007950
cache_size=524288       stride=16384    avg_misses=0.137504     avg_time=0.007543
cache_size=524288       stride=32768    avg_misses=0.000011     avg_time=0.007398
cache_size=524288       stride=65536    avg_misses=0.000001     avg_time=0.002296
cache_size=524288       stride=131072   avg_misses=0.000001     avg_time=0.002124
cache_size=524288       stride=262144   avg_misses=0.000001     avg_time=0.002031