cache_size=8192 	stride=1        avg_misses=0.000111     avg_time=0.002208
cache_size=8192 	stride=2        avg_misses=0.000074     avg_time=0.002254
cache_size=8192 	stride=4        avg_misses=0.000057     avg_time=0.002244
cache_size=8192 	stride=8        avg_misses=0.000087     avg_time=0.002221
cache_size=8192 	stride=16       avg_misses=0.000039     avg_time=0.002183
cache_size=8192 	stride=32       avg_misses=0.000052     avg_time=0.002186
cache_size=8192 	stride=64       avg_misses=0.000048     avg_time=0.002148
cache_size=8192 	stride=128      avg_misses=0.000031     avg_time=0.002044
cache_size=8192 	stride=256      avg_misses=0.000027     avg_time=0.002004
cache_size=8192 	stride=512      avg_misses=0.000012     avg_time=0.001989
cache_size=8192 	stride=1024     avg_misses=0.000002     avg_time=0.001954
cache_size=8192 	stride=2048     avg_misses=0.000006     avg_time=0.002043
cache_size=8192 	stride=4096     avg_misses=0.000007     avg_time=0.002075

cache_size=16384        stride=1        avg_misses=0.000097     avg_time=0.002258
cache_size=16384        stride=2        avg_misses=0.000069     avg_time=0.002257
cache_size=16384        stride=4        avg_misses=0.000072     avg_time=0.002263
cache_size=16384        stride=8        avg_misses=0.000073     avg_time=0.002213
cache_size=16384        stride=16       avg_misses=0.000064     avg_time=0.002266
cache_size=16384        stride=32       avg_misses=0.000073     avg_time=0.002279
cache_size=16384        stride=64       avg_misses=0.000070     avg_time=0.002144
cache_size=16384        stride=128      avg_misses=0.000040     avg_time=0.002161
cache_size=16384        stride=256      avg_misses=0.000019     avg_time=0.002042
cache_size=16384        stride=512      avg_misses=0.000011     avg_time=0.002002
cache_size=16384        stride=1024     avg_misses=0.000005     avg_time=0.001981
cache_size=16384        stride=2048     avg_misses=0.000004     avg_time=0.002086
cache_size=16384        stride=4096     avg_misses=0.000004     avg_time=0.002172
cache_size=16384        stride=8192     avg_misses=0.000004     avg_time=0.002075

cache_size=32768        stride=1        avg_misses=0.000772     avg_time=0.002243
cache_size=32768        stride=2        avg_misses=0.001486     avg_time=0.002231
cache_size=32768        stride=4        avg_misses=0.002938     avg_time=0.002223
cache_size=32768        stride=8        avg_misses=0.005954     avg_time=0.002190
cache_size=32768        stride=16       avg_misses=0.008118     avg_time=0.002111
cache_size=32768        stride=32       avg_misses=0.033489     avg_time=0.002116
cache_size=32768        stride=64       avg_misses=0.022821     avg_time=0.002011
cache_size=32768        stride=128      avg_misses=0.000161     avg_time=0.002164
cache_size=32768        stride=256      avg_misses=0.000107     avg_time=0.002110
cache_size=32768        stride=512      avg_misses=0.000045     avg_time=0.002007
cache_size=32768        stride=1024     avg_misses=0.000020     avg_time=0.001965
cache_size=32768        stride=2048     avg_misses=0.000009     avg_time=0.001992
cache_size=32768        stride=4096     avg_misses=0.000005     avg_time=0.002168
cache_size=32768        stride=8192     avg_misses=0.000002     avg_time=0.002141
cache_size=32768        stride=16384    avg_misses=0.000003     avg_time=0.002042
z
cache_size=65536        stride=1        avg_misses=0.015644     avg_time=0.001961
cache_size=65536        stride=2        avg_misses=0.031268     avg_time=0.001893
cache_size=65536        stride=4        avg_misses=0.062590     avg_time=0.002146
cache_size=65536        stride=8        avg_misses=0.125249     avg_time=0.002189
cache_size=65536        stride=16       avg_misses=0.250493     avg_time=0.002195
cache_size=65536        stride=32       avg_misses=0.500981     avg_time=0.002127
cache_size=65536        stride=64       avg_misses=0.999941     avg_time=0.001897
cache_size=65536        stride=128      avg_misses=1.024420     avg_time=0.001819
cache_size=65536        stride=256      avg_misses=1.037000     avg_time=0.001841
cache_size=65536        stride=512      avg_misses=1.053824     avg_time=0.001878
cache_size=65536        stride=1024     avg_misses=1.008596     avg_time=0.001840
cache_size=65536        stride=2048     avg_misses=1.891923     avg_time=0.005203
cache_size=65536        stride=4096     avg_misses=1.034187     avg_time=0.004952
cache_size=65536        stride=8192     avg_misses=0.000003     avg_time=0.002157
cache_size=65536        stride=16384    avg_misses=0.000001     avg_time=0.002129
cache_size=65536        stride=32768    avg_misses=0.000001     avg_time=0.002035
